\BOOKMARK [0][-]{chapter.1}{Introdu\347\343o}{}% 1
\BOOKMARK [1][-]{section.1.1}{Objetivos}{chapter.1}% 2
\BOOKMARK [1][-]{section.1.2}{Organiza\347\343o do Trabalho}{chapter.1}% 3
\BOOKMARK [0][-]{chapter.2}{Redes Complexas}{}% 4
\BOOKMARK [1][-]{section.2.1}{Modelos de Redes Complexas}{chapter.2}% 5
\BOOKMARK [2][-]{subsection.2.1.1}{Redes Aleat\363rias}{section.2.1}% 6
\BOOKMARK [2][-]{subsection.2.1.2}{Redes de Mundo Pequeno}{section.2.1}% 7
\BOOKMARK [2][-]{subsection.2.1.3}{Redes Livre de Escala}{section.2.1}% 8
\BOOKMARK [1][-]{section.2.2}{M\351tricas de Redes Complexas}{chapter.2}% 9
\BOOKMARK [2][-]{subsection.2.2.1}{Grau de um v\351rtice}{section.2.2}% 10
\BOOKMARK [2][-]{subsection.2.2.2}{Betweenness}{section.2.2}% 11
\BOOKMARK [2][-]{subsection.2.2.3}{Coeficiente de Aglomara\347\343o}{section.2.2}% 12
\BOOKMARK [2][-]{subsection.2.2.4}{Distribui\347\343o de Pesos }{section.2.2}% 13
\BOOKMARK [2][-]{subsection.2.2.5}{Densidade de Conex\343o M\351dia}{section.2.2}% 14
\BOOKMARK [2][-]{subsection.2.2.6}{\315ndice de Semelhan\347a de Conex\343o}{section.2.2}% 15
\BOOKMARK [1][-]{section.2.3}{Comunidades}{chapter.2}% 16
\BOOKMARK [2][-]{subsection.2.3.1}{M\351todos de Detec\347\343o de Comunidades}{section.2.3}% 17
\BOOKMARK [3][-]{subsubsection.2.3.1.1}{Parti\347\343o de Grafo}{subsection.2.3.1}% 18
\BOOKMARK [3][-]{subsubsection.2.3.1.2}{Agrupamento Hier\341rquico}{subsection.2.3.1}% 19
\BOOKMARK [0][-]{chapter.3}{Processamento de Textos}{}% 20
\BOOKMARK [1][-]{section.3.1}{Pr\351-Processamento de Textos}{chapter.3}% 21
\BOOKMARK [2][-]{subsection.3.1.1}{Part-of-speech tagging}{section.3.1}% 22
\BOOKMARK [1][-]{section.3.2}{Constru\347\343o da rede escrita}{chapter.3}% 23
\BOOKMARK [2][-]{subsection.3.2.1}{Redes de co-ocorr\352ncia}{section.3.2}% 24
\BOOKMARK [2][-]{subsection.3.2.2}{Redes sint\341ticas}{section.3.2}% 25
\BOOKMARK [2][-]{subsection.3.2.3}{Redes sem\342nticas}{section.3.2}% 26
\BOOKMARK [1][-]{section.3.3}{Medidas Estat\355sticas}{chapter.3}% 27
\BOOKMARK [1][-]{section.3.4}{Entropia}{chapter.3}% 28
\BOOKMARK [1][-]{section.3.5}{Intermit\352ncia de palavras}{chapter.3}% 29
\BOOKMARK [0][-]{chapter.4}{Estrat\351gia}{}% 30
\BOOKMARK [1][-]{section.4.1}{Primeira Etapa}{chapter.4}% 31
\BOOKMARK [1][-]{section.4.2}{Segunda Etapa}{chapter.4}% 32
\BOOKMARK [0][-]{section.4.2}{REFER\312NCIAS}{}% 33
